2023.03.02 15:19:35 INFO  tracing is disabled for protocol LSP, to enable tracing of incoming and outgoing JSON messages create an empty file at /home/vamo/.metals/lsp.trace.json or /root/.cache/metals/lsp.trace.json
2023.03.02 15:19:35 INFO  logging to file /home/vamo/.metals/metals.log
2023.03.02 15:19:35 INFO  Started: Metals version 0.11.10 in workspace '/home/vamo' for client Visual Studio Code 1.76.0.
SLF4J: No SLF4J providers were found.
SLF4J: Defaulting to no-operation (NOP) logger implementation
SLF4J: See https://www.slf4j.org/codes.html#noProviders for further details.
SLF4J: Class path contains SLF4J bindings targeting slf4j-api versions 1.7.x or earlier.
SLF4J: Ignoring binding found at [jar:file:/home/sbtuser/.cache/coursier/v1/https/repo1.maven.org/maven2/com/outr/scribe-slf4j_2.13/3.10.5/scribe-slf4j_2.13-3.10.5.jar!/org/slf4j/impl/StaticLoggerBinder.class]
SLF4J: See https://www.slf4j.org/codes.html#ignoredBindings for an explanation.
2023.03.02 15:19:42 INFO  time: initialize in 6.73s
2023.03.02 15:19:44 WARN  Build server is not auto-connectable.
2023.03.02 15:19:44 WARN  no build tool detected in workspace '/home/vamo'. The most common cause for this problem is that the editor was opened in the wrong working directory, for example if you use sbt then the workspace directory should contain build.sbt. 
Mar 02, 2023 3:22:10 PM org.eclipse.lsp4j.jsonrpc.services.GenericEndpoint notify
INFO: Unsupported notification method: $/setTrace
2023.03.02 15:22:38 WARN  no build target for: /home/vamo/build.sbt
2023.03.02 15:22:38 WARN  no build target for: /home/vamo/build.sbt
2023.03.02 15:22:51 WARN  no build target for: /home/vamo/build.sbt
2023.03.02 15:22:51 INFO  skipping build import with status 'Dismissed'
2023.03.02 15:23:03 INFO  no build target found for /home/vamo/build.sbt. Using presentation compiler with project's scala-library version: 3.2.1
2023.03.02 15:23:04 INFO  time: code lens generation in 15s
2023.03.02 15:23:04 INFO  time: code lens generation in 19s
2023.03.02 15:23:04 INFO  time: code lens generation in 13s
2023.03.02 15:23:04 INFO  time: code lens generation in 16s
2023.03.02 15:23:04 INFO  time: code lens generation in 25s
2023.03.02 15:23:04 INFO  time: code lens generation in 18s
2023.03.02 15:23:04 INFO  time: code lens generation in 9.66s
2023.03.02 15:23:08 INFO  shutting down Metals
2023.03.02 15:23:53 INFO  tracing is disabled for protocol LSP, to enable tracing of incoming and outgoing JSON messages create an empty file at /home/vamo/.metals/lsp.trace.json or /root/.cache/metals/lsp.trace.json
2023.03.02 15:23:54 INFO  logging to file /home/vamo/.metals/metals.log
2023.03.02 15:23:54 INFO  Started: Metals version 0.11.10 in workspace '/home/vamo' for client Visual Studio Code 1.76.0.
SLF4J: No SLF4J providers were found.
SLF4J: Defaulting to no-operation (NOP) logger implementation
SLF4J: See https://www.slf4j.org/codes.html#noProviders for further details.
SLF4J: Class path contains SLF4J bindings targeting slf4j-api versions 1.7.x or earlier.
SLF4J: Ignoring binding found at [jar:file:/home/sbtuser/.cache/coursier/v1/https/repo1.maven.org/maven2/com/outr/scribe-slf4j_2.13/3.10.5/scribe-slf4j_2.13-3.10.5.jar!/org/slf4j/impl/StaticLoggerBinder.class]
SLF4J: See https://www.slf4j.org/codes.html#ignoredBindings for an explanation.
2023.03.02 15:23:55 INFO  time: initialize in 1.18s
2023.03.02 15:23:57 WARN  Build server is not auto-connectable.
2023.03.02 15:23:57 WARN  no build target for: /home/vamo/build.sbt
2023.03.02 15:23:57 INFO  skipping build import with status 'Dismissed'
2023.03.02 15:23:59 INFO  no build target found for /home/vamo/build.sbt. Using presentation compiler with project's scala-library version: 3.2.1
2023.03.02 15:24:00 INFO  time: code lens generation in 3.52s
2023.03.02 15:24:15 INFO  shutting down Metals
2023.03.02 15:25:02 INFO  tracing is disabled for protocol LSP, to enable tracing of incoming and outgoing JSON messages create an empty file at /home/vamo/.metals/lsp.trace.json or /root/.cache/metals/lsp.trace.json
2023.03.02 15:25:03 INFO  logging to file /home/vamo/.metals/metals.log
2023.03.02 15:25:03 INFO  Started: Metals version 0.11.10 in workspace '/home/vamo' for client Visual Studio Code 1.76.0.
SLF4J: No SLF4J providers were found.
SLF4J: Defaulting to no-operation (NOP) logger implementation
SLF4J: See https://www.slf4j.org/codes.html#noProviders for further details.
SLF4J: Class path contains SLF4J bindings targeting slf4j-api versions 1.7.x or earlier.
SLF4J: Ignoring binding found at [jar:file:/home/sbtuser/.cache/coursier/v1/https/repo1.maven.org/maven2/com/outr/scribe-slf4j_2.13/3.10.5/scribe-slf4j_2.13-3.10.5.jar!/org/slf4j/impl/StaticLoggerBinder.class]
SLF4J: See https://www.slf4j.org/codes.html#ignoredBindings for an explanation.
2023.03.02 15:25:04 INFO  time: initialize in 1.13s
2023.03.02 15:25:05 WARN  Build server is not auto-connectable.
2023.03.02 15:25:05 WARN  no build target for: /home/vamo/build.sbt
2023.03.02 15:25:08 INFO  no build target found for /home/vamo/build.sbt. Using presentation compiler with project's scala-library version: 3.2.1
2023.03.02 15:25:09 INFO  time: code lens generation in 3.52s
Exception in thread "pool-3-thread-1" java.lang.InterruptedException
	at scala.meta.internal.metals.FutureCancelToken.checkCanceled(FutureCancelToken.scala:29)
	at scala.meta.internal.pc.CompilerAccess.onCompilerJobQueue$$anonfun$1(CompilerAccess.scala:195)
	at scala.meta.internal.pc.CompilerJobQueue$Job.run(CompilerJobQueue.scala:152)
	at java.base/java.util.concurrent.ThreadPoolExecutor.runWorker(ThreadPoolExecutor.java:1136)
	at java.base/java.util.concurrent.ThreadPoolExecutor$Worker.run(ThreadPoolExecutor.java:635)
	at java.base/java.lang.Thread.run(Thread.java:833)
2023.03.02 15:28:08 WARN  no build target for: /home/vamo/build.sbt
2023.03.02 15:28:49 WARN  no build target for: /home/vamo/src/main/scala/hello.scala
2023.03.02 15:29:10 WARN  no build target for: /home/vamo/src/main/scala/hello.scala
2023.03.02 15:30:15 WARN  no build target for: /home/vamo/src/main/scala/hello.scala
2023.03.02 15:30:47 INFO  shutting down Metals
2023.03.02 15:31:30 INFO  tracing is disabled for protocol LSP, to enable tracing of incoming and outgoing JSON messages create an empty file at /home/vamo/.metals/lsp.trace.json or /root/.cache/metals/lsp.trace.json
2023.03.02 15:31:31 INFO  logging to file /home/vamo/.metals/metals.log
2023.03.02 15:31:31 INFO  Started: Metals version 0.11.10 in workspace '/home/vamo' for client Visual Studio Code 1.76.0.
SLF4J: No SLF4J providers were found.
SLF4J: Defaulting to no-operation (NOP) logger implementation
SLF4J: See https://www.slf4j.org/codes.html#noProviders for further details.
SLF4J: Class path contains SLF4J bindings targeting slf4j-api versions 1.7.x or earlier.
SLF4J: Ignoring binding found at [jar:file:/home/sbtuser/.cache/coursier/v1/https/repo1.maven.org/maven2/com/outr/scribe-slf4j_2.13/3.10.5/scribe-slf4j_2.13-3.10.5.jar!/org/slf4j/impl/StaticLoggerBinder.class]
SLF4J: See https://www.slf4j.org/codes.html#ignoredBindings for an explanation.
2023.03.02 15:31:32 INFO  time: initialize in 1.17s
2023.03.02 15:31:33 WARN  Build server is not auto-connectable.
2023.03.02 15:31:33 WARN  no build target for: /home/vamo/build.sbt
2023.03.02 15:31:33 WARN  no build target for: /home/vamo/src/main/scala/hello.scala
2023.03.02 15:31:36 INFO  no build target found for /home/vamo/build.sbt. Using presentation compiler with project's scala-library version: 3.2.1
2023.03.02 15:31:37 INFO  time: code lens generation in 3.77s
2023.03.02 15:31:50 WARN  no build target for: /home/vamo/build.sbt
2023.03.02 15:32:46 WARN  no build target for: /home/vamo/build.sbt
2023.03.02 15:32:46 INFO  skipping build import with status 'Dismissed'
2023.03.02 15:33:44 WARN  no build target for: /home/vamo/build.sbt
2023.03.02 15:33:44 INFO  skipping build import with status 'Dismissed'
2023.03.02 15:35:01 WARN  no build target for: /home/vamo/src/main/scala/hello.scala
2023.03.02 15:36:25 WARN  no build target for: /home/vamo/src/main/scala/hello.scala
2023.03.02 15:37:03 WARN  no build target for: /home/vamo/src/main/scala/hello.scala
2023.03.02 15:48:18 WARN  no build target for: /home/vamo/src/main/scala/hello.scala
2023.03.02 15:50:21 WARN  no build target for: /home/vamo/src/main/scala/linreg.scala
2023.03.02 15:50:22 WARN  no build target for: /home/vamo/src/main/scala/linreg.scala
Mar 02, 2023 3:52:42 PM org.eclipse.lsp4j.jsonrpc.RemoteEndpoint handleCancellation
WARNING: Unmatched cancel notification for request id 355
Mar 02, 2023 3:52:42 PM org.eclipse.lsp4j.jsonrpc.RemoteEndpoint handleCancellation
WARNING: Unmatched cancel notification for request id 356
2023.03.02 15:54:34 WARN  no build target for: /home/vamo/src/main/scala/linreg.scala
2023.03.02 15:55:19 WARN  no build target for: /home/vamo/src/main/scala/linreg.scala
2023.03.02 15:55:55 WARN  no build target for: /home/vamo/src/main/scala/linreg.scala
2023.03.02 15:56:11 WARN  no build target for: /home/vamo/src/main/scala/linreg.scala
2023.03.02 15:57:36 WARN  no build target for: /home/vamo/src/main/scala/linreg.scala
2023.03.02 15:57:36 WARN  no build target for: /home/vamo/src/main/scala/linreg.scala
2023.03.02 15:57:38 WARN  no build target for: /home/vamo/src/main/scala/linreg.scala
2023.03.02 16:00:22 WARN  no build target for: /home/vamo/src/main/scala/linreg.scala
2023.03.02 16:00:22 WARN  no build target for: /home/vamo/src/main/scala/linreg.scala
2023.03.02 16:01:35 WARN  no build target for: /home/vamo/src/main/scala/linreg.scala
2023.03.02 16:03:13 WARN  no build target for: /home/vamo/src/main/scala/linreg.scala
2023.03.02 16:03:14 WARN  no build target for: /home/vamo/src/main/scala/linreg.scala
2023.03.02 16:03:31 WARN  no build target for: /home/vamo/src/main/scala/linreg.scala
Exception in thread "pool-3-thread-1" java.lang.InterruptedException
	at scala.meta.internal.metals.FutureCancelToken.checkCanceled(FutureCancelToken.scala:29)
	at scala.meta.internal.pc.CompilerAccess.onCompilerJobQueue$$anonfun$1(CompilerAccess.scala:195)
	at scala.meta.internal.pc.CompilerJobQueue$Job.run(CompilerJobQueue.scala:152)
	at java.base/java.util.concurrent.ThreadPoolExecutor.runWorker(ThreadPoolExecutor.java:1136)
	at java.base/java.util.concurrent.ThreadPoolExecutor$Worker.run(ThreadPoolExecutor.java:635)
	at java.base/java.lang.Thread.run(Thread.java:833)
2023.03.02 16:04:01 WARN  no build target for: /home/vamo/src/main/scala/linreg.scala
2023.03.02 16:17:34 WARN  no build target for: /home/vamo/src/main/scala/linreg.scala
2023.03.02 16:22:06 WARN  no build target for: /home/vamo/src/main/scala/linreg.scala
2023.03.02 16:22:16 WARN  no build target for: /home/vamo/src/main/scala/linreg.scala
2023.03.02 16:22:30 WARN  no build target for: /home/vamo/src/main/scala/linreg.scala
2023.03.02 16:22:47 WARN  no build target for: /home/vamo/src/main/scala/linreg.scala
2023.03.02 16:22:50 WARN  no build target for: /home/vamo/src/main/scala/linreg.scala
2023.03.02 16:22:54 WARN  no build target for: /home/vamo/src/main/scala/linreg.scala
2023.03.02 16:23:17 WARN  no build target for: /home/vamo/src/main/scala/linreg.scala
2023.03.02 16:23:33 WARN  no build target for: /home/vamo/src/main/scala/linreg.scala
2023.03.02 16:23:52 WARN  no build target for: /home/vamo/src/main/scala/linreg.scala
2023.03.02 16:24:25 WARN  no build target for: /home/vamo/src/main/scala/linreg.scala
2023.03.02 16:25:14 INFO  shutting down Metals
2023.03.02 18:25:37 INFO  tracing is disabled for protocol LSP, to enable tracing of incoming and outgoing JSON messages create an empty file at /home/vamo/.metals/lsp.trace.json or /root/.cache/metals/lsp.trace.json
2023.03.02 18:25:38 INFO  logging to file /home/vamo/.metals/metals.log
2023.03.02 18:25:38 INFO  Started: Metals version 0.11.10 in workspace '/home/vamo' for client Visual Studio Code 1.76.0.
SLF4J: No SLF4J providers were found.
SLF4J: Defaulting to no-operation (NOP) logger implementation
SLF4J: See https://www.slf4j.org/codes.html#noProviders for further details.
SLF4J: Class path contains SLF4J bindings targeting slf4j-api versions 1.7.x or earlier.
SLF4J: Ignoring binding found at [jar:file:/home/sbtuser/.cache/coursier/v1/https/repo1.maven.org/maven2/com/outr/scribe-slf4j_2.13/3.10.5/scribe-slf4j_2.13-3.10.5.jar!/org/slf4j/impl/StaticLoggerBinder.class]
SLF4J: See https://www.slf4j.org/codes.html#ignoredBindings for an explanation.
2023.03.02 18:25:39 INFO  time: initialize in 1.17s
2023.03.02 18:25:40 WARN  Build server is not auto-connectable.
2023.03.02 18:25:40 WARN  no build target for: /home/vamo/src/main/scala/linreg.scala
2023.03.02 18:25:43 INFO  no build target found for /home/vamo/src/main/scala/linreg.scala. Using presentation compiler with project's scala-library version: 3.2.1
2023.03.02 18:25:45 INFO  time: code lens generation in 3.62s
Mar 02, 2023 6:31:43 PM org.eclipse.lsp4j.jsonrpc.RemoteEndpoint handleCancellation
WARNING: Unmatched cancel notification for request id 304
Mar 02, 2023 6:32:28 PM org.eclipse.lsp4j.jsonrpc.RemoteEndpoint handleCancellation
WARNING: Unmatched cancel notification for request id 415
Mar 02, 2023 6:34:30 PM org.eclipse.lsp4j.jsonrpc.RemoteEndpoint handleCancellation
WARNING: Unmatched cancel notification for request id 702
2023.03.02 18:36:00 WARN  no build target for: /home/vamo/src/main/scala/linreg.scala
2023.03.02 18:36:12 WARN  no build target for: /home/vamo/src/main/scala/linreg.scala
2023.03.02 18:36:41 WARN  no build target for: /home/vamo/src/main/scala/linreg.scala
Mar 02, 2023 6:37:47 PM org.eclipse.lsp4j.jsonrpc.RemoteEndpoint handleCancellation
WARNING: Unmatched cancel notification for request id 973
2023.03.02 18:37:56 WARN  no build target for: /home/vamo/src/main/scala/linreg.scala
2023.03.02 18:38:14 WARN  no build target for: /home/vamo/src/main/scala/linreg.scala
2023.03.02 18:39:00 WARN  no build target for: /home/vamo/src/main/scala/linreg.scala
2023.03.02 18:39:40 WARN  no build target for: /home/vamo/src/main/scala/linreg.scala
2023.03.02 18:40:14 WARN  no build target for: /home/vamo/src/main/scala/linreg.scala
2023.03.02 18:40:35 WARN  no build target for: /home/vamo/src/main/scala/linreg.scala
2023.03.02 18:40:52 WARN  no build target for: /home/vamo/src/main/scala/linreg.scala
2023.03.02 18:41:09 WARN  no build target for: /home/vamo/src/main/scala/linreg.scala
2023.03.02 18:41:32 WARN  no build target for: /home/vamo/src/main/scala/linreg.scala
2023.03.02 18:41:35 WARN  no build target for: /home/vamo/src/main/scala/linreg.scala
2023.03.02 18:43:04 WARN  no build target for: /home/vamo/src/main/scala/linreg.scala
2023.03.02 18:43:29 WARN  no build target for: /home/vamo/src/main/scala/linreg.scala
2023.03.02 18:44:06 WARN  no build target for: /home/vamo/src/main/scala/linreg.scala
2023.03.02 18:45:18 WARN  no build target for: /home/vamo/src/main/scala/linreg.scala
Exception in thread "pool-3-thread-1" java.lang.InterruptedException
	at scala.meta.internal.metals.FutureCancelToken.checkCanceled(FutureCancelToken.scala:29)
	at scala.meta.internal.pc.CompilerAccess.onCompilerJobQueue$$anonfun$1(CompilerAccess.scala:195)
	at scala.meta.internal.pc.CompilerJobQueue$Job.run(CompilerJobQueue.scala:152)
	at java.base/java.util.concurrent.ThreadPoolExecutor.runWorker(ThreadPoolExecutor.java:1136)
	at java.base/java.util.concurrent.ThreadPoolExecutor$Worker.run(ThreadPoolExecutor.java:635)
	at java.base/java.lang.Thread.run(Thread.java:833)
Exception in thread "pool-3-thread-2" java.lang.InterruptedException
	at scala.meta.internal.metals.FutureCancelToken.checkCanceled(FutureCancelToken.scala:29)
	at scala.meta.internal.pc.CompilerAccess.onCompilerJobQueue$$anonfun$1(CompilerAccess.scala:195)
	at scala.meta.internal.pc.CompilerJobQueue$Job.run(CompilerJobQueue.scala:152)
	at java.base/java.util.concurrent.ThreadPoolExecutor.runWorker(ThreadPoolExecutor.java:1136)
	at java.base/java.util.concurrent.ThreadPoolExecutor$Worker.run(ThreadPoolExecutor.java:635)
	at java.base/java.lang.Thread.run(Thread.java:833)
2023.03.02 18:47:52 WARN  no build target for: /home/vamo/src/main/scala/linreg.scala
2023.03.02 18:51:04 WARN  no build target for: /home/vamo/src/main/scala/linreg.scala
2023.03.02 18:52:59 WARN  no build target for: /home/vamo/src/main/scala/linreg.scala
2023.03.02 18:53:49 WARN  no build target for: /home/vamo/src/main/scala/linreg.scala
2023.03.02 18:54:09 WARN  no build target for: /home/vamo/src/main/scala/linreg.scala
2023.03.02 18:55:03 WARN  no build target for: /home/vamo/src/main/scala/linreg.scala
2023.03.02 18:55:53 WARN  no build target for: /home/vamo/src/main/scala/linreg.scala
2023.03.02 18:57:10 WARN  no build target for: /home/vamo/src/main/scala/linreg.scala
2023.03.02 18:57:17 WARN  no build target for: /home/vamo/src/main/scala/linreg.scala
2023.03.02 18:58:02 WARN  no build target for: /home/vamo/src/main/scala/linreg.scala
2023.03.02 18:58:44 WARN  no build target for: /home/vamo/src/main/scala/linreg.scala
2023.03.02 18:59:53 WARN  no build target for: /home/vamo/src/main/scala/linreg.scala
Mar 02, 2023 7:00:09 PM org.eclipse.lsp4j.jsonrpc.RemoteEndpoint handleCancellation
WARNING: Unmatched cancel notification for request id 3182
2023.03.02 19:01:14 WARN  no build target for: /home/vamo/src/main/scala/linreg.scala
2023.03.02 19:02:34 WARN  no build target for: /home/vamo/src/main/scala/linreg.scala
2023.03.02 19:02:49 WARN  no build target for: /home/vamo/src/main/scala/linreg.scala
2023.03.02 19:03:11 WARN  no build target for: /home/vamo/src/main/scala/linreg.scala
2023.03.02 19:03:47 WARN  no build target for: /home/vamo/src/main/scala/linreg.scala
2023.03.02 19:04:04 WARN  no build target for: /home/vamo/src/main/scala/linreg.scala
2023.03.02 19:04:13 WARN  no build target for: /home/vamo/src/main/scala/linreg.scala
2023.03.02 19:04:30 WARN  no build target for: /home/vamo/src/main/scala/linreg.scala
Mar 02, 2023 7:04:50 PM scala.meta.internal.pc.CompilerAccess handleError
SEVERE: NoDenotation.owner
java.lang.AssertionError: NoDenotation.owner
	at dotty.tools.dotc.core.SymDenotations$NoDenotation$.owner(SymDenotations.scala:2511)
	at scala.meta.internal.pc.SignatureHelpProvider$.isValid(SignatureHelpProvider.scala:88)
	at scala.meta.internal.pc.SignatureHelpProvider$.notCurrentApply(SignatureHelpProvider.scala:99)
	at scala.meta.internal.pc.SignatureHelpProvider$.$anonfun$1(SignatureHelpProvider.scala:49)
	at scala.collection.StrictOptimizedLinearSeqOps.loop$3(LinearSeq.scala:280)
	at scala.collection.StrictOptimizedLinearSeqOps.dropWhile(LinearSeq.scala:282)
	at scala.collection.StrictOptimizedLinearSeqOps.dropWhile$(LinearSeq.scala:278)
	at scala.collection.immutable.List.dropWhile(List.scala:79)
	at scala.meta.internal.pc.SignatureHelpProvider$.signatureHelp(SignatureHelpProvider.scala:49)

2023.03.02 19:04:54 WARN  no build target for: /home/vamo/src/main/scala/linreg.scala
Mar 02, 2023 7:05:13 PM org.eclipse.lsp4j.jsonrpc.RemoteEndpoint handleCancellation
WARNING: Unmatched cancel notification for request id 3606
2023.03.02 19:05:17 WARN  no build target for: /home/vamo/src/main/scala/linreg.scala
2023.03.02 19:06:05 WARN  no build target for: /home/vamo/src/main/scala/linreg.scala
2023.03.02 19:06:33 WARN  no build target for: /home/vamo/src/main/scala/linreg.scala
2023.03.02 19:06:57 WARN  no build target for: /home/vamo/src/main/scala/linreg.scala
2023.03.02 19:07:20 WARN  no build target for: /home/vamo/src/main/scala/linreg.scala
2023.03.02 19:07:31 WARN  no build target for: /home/vamo/src/main/scala/linreg.scala
2023.03.02 19:08:19 WARN  no build target for: /home/vamo/src/main/scala/linreg.scala
2023.03.02 19:08:42 WARN  no build target for: /home/vamo/src/main/scala/linreg.scala
Mar 02, 2023 7:09:33 PM org.eclipse.lsp4j.jsonrpc.RemoteEndpoint handleCancellation
WARNING: Unmatched cancel notification for request id 3918
2023.03.02 19:09:37 WARN  no build target for: /home/vamo/src/main/scala/linreg.scala
2023.03.02 19:10:00 WARN  no build target for: /home/vamo/src/main/scala/linreg.scala
2023.03.02 19:10:18 WARN  no build target for: /home/vamo/src/main/scala/linreg.scala
2023.03.02 19:11:26 WARN  no build target for: /home/vamo/src/main/scala/linreg.scala
2023.03.02 19:11:48 WARN  no build target for: /home/vamo/src/main/scala/linreg.scala
Mar 02, 2023 7:12:46 PM org.eclipse.lsp4j.jsonrpc.RemoteEndpoint handleCancellation
WARNING: Unmatched cancel notification for request id 4182
Mar 02, 2023 7:13:10 PM org.eclipse.lsp4j.jsonrpc.RemoteEndpoint handleCancellation
WARNING: Unmatched cancel notification for request id 4239
2023.03.02 19:13:12 WARN  no build target for: /home/vamo/src/main/scala/linreg.scala
2023.03.02 19:13:13 WARN  no build target for: /home/vamo/src/main/scala/linreg.scala
2023.03.02 19:13:27 WARN  no build target for: /home/vamo/src/main/scala/linreg.scala
2023.03.02 19:14:24 WARN  no build target for: /home/vamo/src/main/scala/linreg.scala
2023.03.02 19:15:13 WARN  no build target for: /home/vamo/src/main/scala/linreg.scala
2023.03.02 19:15:56 WARN  no build target for: /home/vamo/src/main/scala/linreg.scala
2023.03.02 19:17:00 WARN  no build target for: /home/vamo/src/main/scala/linreg.scala
Mar 02, 2023 7:17:29 PM org.eclipse.lsp4j.jsonrpc.RemoteEndpoint handleCancellation
WARNING: Unmatched cancel notification for request id 4830
2023.03.02 19:17:46 WARN  no build target for: /home/vamo/src/main/scala/linreg.scala
2023.03.02 19:18:07 WARN  no build target for: /home/vamo/src/main/scala/linreg.scala
2023.03.02 19:19:09 WARN  no build target for: /home/vamo/src/main/scala/linreg.scala
2023.03.02 19:19:23 WARN  no build target for: /home/vamo/src/main/scala/linreg.scala
2023.03.02 19:19:36 WARN  no build target for: /home/vamo/src/main/scala/linreg.scala
2023.03.02 19:19:36 WARN  no build target for: /home/vamo/src/main/scala/linreg.scala
2023.03.02 19:19:36 WARN  no build target for: /home/vamo/src/main/scala/linreg.scala
2023.03.02 19:20:59 WARN  no build target for: /home/vamo/src/main/scala/linreg.scala
2023.03.02 19:21:34 WARN  no build target for: /home/vamo/src/main/scala/linreg.scala
2023.03.02 19:21:57 WARN  no build target for: /home/vamo/src/main/scala/linreg.scala
2023.03.02 19:22:14 WARN  no build target for: /home/vamo/src/main/scala/linreg.scala
2023.03.02 19:22:23 WARN  no build target for: /home/vamo/src/main/scala/linreg.scala
2023.03.02 19:22:25 WARN  no build target for: /home/vamo/src/main/scala/linreg.scala
2023.03.02 19:22:41 WARN  no build target for: /home/vamo/src/main/scala/linreg.scala
2023.03.02 19:22:50 WARN  no build target for: /home/vamo/src/main/scala/linreg.scala
2023.03.02 19:22:50 WARN  no build target for: /home/vamo/src/main/scala/linreg.scala
2023.03.02 19:24:22 WARN  no build target for: /home/vamo/src/main/scala/linreg.scala
2023.03.02 19:24:25 WARN  no build target for: /home/vamo/src/main/scala/linreg.scala
2023.03.02 19:24:33 WARN  no build target for: /home/vamo/src/main/scala/linreg.scala
2023.03.02 19:24:57 INFO  shutting down Metals
2023.03.02 19:25:14 INFO  tracing is disabled for protocol LSP, to enable tracing of incoming and outgoing JSON messages create an empty file at /home/vamo/.metals/lsp.trace.json or /root/.cache/metals/lsp.trace.json
2023.03.02 19:25:15 INFO  logging to file /home/vamo/.metals/metals.log
2023.03.02 19:25:15 INFO  Started: Metals version 0.11.10 in workspace '/home/vamo' for client Visual Studio Code 1.76.0.
SLF4J: No SLF4J providers were found.
SLF4J: Defaulting to no-operation (NOP) logger implementation
SLF4J: See https://www.slf4j.org/codes.html#noProviders for further details.
SLF4J: Class path contains SLF4J bindings targeting slf4j-api versions 1.7.x or earlier.
SLF4J: Ignoring binding found at [jar:file:/home/sbtuser/.cache/coursier/v1/https/repo1.maven.org/maven2/com/outr/scribe-slf4j_2.13/3.10.5/scribe-slf4j_2.13-3.10.5.jar!/org/slf4j/impl/StaticLoggerBinder.class]
SLF4J: See https://www.slf4j.org/codes.html#ignoredBindings for an explanation.
2023.03.02 19:25:16 INFO  time: initialize in 1.12s
2023.03.02 19:25:17 WARN  Build server is not auto-connectable.
2023.03.02 19:25:17 WARN  no build target for: /home/vamo/src/main/scala/linreg.scala
2023.03.02 19:25:20 INFO  no build target found for /home/vamo/src/main/scala/linreg.scala. Using presentation compiler with project's scala-library version: 3.2.1
2023.03.02 19:25:22 INFO  time: code lens generation in 3.73s
2023.03.02 19:26:00 WARN  no build target for: /home/vamo/src/main/scala/linreg.scala
2023.03.02 19:26:35 WARN  no build target for: /home/vamo/src/main/scala/linreg.scala
2023.03.02 19:27:50 WARN  no build target for: /home/vamo/src/main/scala/linreg.scala
2023.03.02 19:28:09 WARN  no build target for: /home/vamo/src/main/scala/linreg.scala
2023.03.02 19:28:38 WARN  no build target for: /home/vamo/src/main/scala/linreg.scala
2023.03.02 19:28:40 WARN  no build target for: /home/vamo/src/main/scala/linreg.scala
2023.03.02 19:28:40 WARN  no build target for: /home/vamo/src/main/scala/linreg.scala
2023.03.02 19:28:41 WARN  no build target for: /home/vamo/src/main/scala/linreg.scala
2023.03.02 19:28:49 WARN  no build target for: /home/vamo/src/main/scala/linreg.scala
2023.03.02 19:29:04 WARN  no build target for: /home/vamo/src/main/scala/linreg.scala
2023.03.02 19:29:19 WARN  no build target for: /home/vamo/src/main/scala/linreg.scala
2023.03.02 19:29:35 WARN  no build target for: /home/vamo/src/main/scala/linreg.scala
2023.03.02 19:29:39 WARN  no build target for: /home/vamo/src/main/scala/linreg.scala
2023.03.02 19:32:17 WARN  no build target for: /home/vamo/src/main/scala/linreg.scala
2023.03.02 19:33:12 WARN  no build target for: /home/vamo/src/main/scala/linreg.scala
2023.03.02 19:33:45 WARN  no build target for: /home/vamo/src/main/scala/linreg.scala
2023.03.02 19:34:04 WARN  no build target for: /home/vamo/src/main/scala/linreg.scala
2023.03.02 19:34:36 WARN  no build target for: /home/vamo/src/main/scala/linreg.scala
2023.03.02 19:35:25 WARN  no build target for: /home/vamo/src/main/scala/linreg.scala
2023.03.02 19:35:39 WARN  no build target for: /home/vamo/src/main/scala/linreg.scala
2023.03.02 19:36:10 WARN  no build target for: /home/vamo/src/main/scala/linreg.scala
2023.03.02 20:07:41 WARN  no build target for: /home/vamo/src/main/scala/linreg.scala
2023.03.02 20:08:00 WARN  no build target for: /home/vamo/src/main/scala/linreg.scala
2023.03.02 20:08:04 WARN  no build target for: /home/vamo/src/main/scala/linreg.scala
Mar 02, 2023 8:08:07 PM org.eclipse.lsp4j.jsonrpc.RemoteEndpoint handleCancellation
WARNING: Unmatched cancel notification for request id 708
2023.03.02 20:08:21 WARN  no build target for: /home/vamo/src/main/scala/linreg.scala
2023.03.02 20:08:38 WARN  no build target for: /home/vamo/src/main/scala/linreg.scala
2023.03.02 20:08:57 WARN  no build target for: /home/vamo/src/main/scala/linreg.scala
2023.03.02 20:09:59 WARN  no build target for: /home/vamo/src/main/scala/linreg.scala
2023.03.02 20:13:25 WARN  no build target for: /home/vamo/src/main/scala/linreg.scala
2023.03.02 20:18:56 WARN  no build target for: /home/vamo/src/main/scala/linreg.scala
2023.03.02 20:19:30 WARN  no build target for: /home/vamo/src/main/scala/linreg.scala
2023.03.02 20:19:50 WARN  no build target for: /home/vamo/src/main/scala/linreg.scala
2023.03.02 20:19:59 WARN  no build target for: /home/vamo/src/main/scala/linreg.scala
2023.03.02 20:20:21 WARN  no build target for: /home/vamo/src/main/scala/linreg.scala
2023.03.02 20:20:43 WARN  no build target for: /home/vamo/src/main/scala/linreg.scala
2023.03.02 20:20:53 WARN  no build target for: /home/vamo/src/main/scala/linreg.scala
2023.03.02 20:21:05 WARN  no build target for: /home/vamo/src/main/scala/linreg.scala
2023.03.02 20:21:38 WARN  no build target for: /home/vamo/src/main/scala/linreg.scala
2023.03.02 20:21:58 WARN  no build target for: /home/vamo/src/main/scala/linreg.scala
2023.03.02 20:22:19 WARN  no build target for: /home/vamo/src/main/scala/linreg.scala
2023.03.02 20:22:37 WARN  no build target for: /home/vamo/src/main/scala/linreg.scala
2023.03.02 20:22:50 INFO  shutting down Metals
2023.03.03 12:21:36 INFO  tracing is disabled for protocol LSP, to enable tracing of incoming and outgoing JSON messages create an empty file at /home/vamo/.metals/lsp.trace.json or /root/.cache/metals/lsp.trace.json
2023.03.03 12:21:37 INFO  logging to file /home/vamo/.metals/metals.log
2023.03.03 12:21:37 INFO  Started: Metals version 0.11.10 in workspace '/home/vamo' for client Visual Studio Code 1.76.0.
SLF4J: No SLF4J providers were found.
SLF4J: Defaulting to no-operation (NOP) logger implementation
SLF4J: See https://www.slf4j.org/codes.html#noProviders for further details.
SLF4J: Class path contains SLF4J bindings targeting slf4j-api versions 1.7.x or earlier.
SLF4J: Ignoring binding found at [jar:file:/home/sbtuser/.cache/coursier/v1/https/repo1.maven.org/maven2/com/outr/scribe-slf4j_2.13/3.10.5/scribe-slf4j_2.13-3.10.5.jar!/org/slf4j/impl/StaticLoggerBinder.class]
SLF4J: See https://www.slf4j.org/codes.html#ignoredBindings for an explanation.
2023.03.03 12:21:38 INFO  time: initialize in 1.36s
2023.03.03 12:21:39 WARN  Build server is not auto-connectable.
2023.03.03 12:21:39 WARN  no build target for: /home/vamo/src/main/scala/linreg.scala
2023.03.03 12:21:42 INFO  no build target found for /home/vamo/src/main/scala/linreg.scala. Using presentation compiler with project's scala-library version: 3.2.1
2023.03.03 12:21:44 INFO  time: code lens generation in 4.92s
Mar 03, 2023 12:53:59 PM org.eclipse.lsp4j.jsonrpc.RemoteEndpoint handleCancellation
WARNING: Unmatched cancel notification for request id 71
2023.03.03 12:55:00 WARN  no build target for: /home/vamo/src/main/scala/linreg.scala
2023.03.03 12:55:11 WARN  no build target for: /home/vamo/src/main/scala/linreg.scala
Mar 03, 2023 12:59:48 PM org.eclipse.lsp4j.jsonrpc.RemoteEndpoint handleCancellation
WARNING: Unmatched cancel notification for request id 305
2023.03.03 13:00:58 WARN  no build target for: /home/vamo/src/main/scala/linreg.scala
2023.03.03 13:01:42 WARN  no build target for: /home/vamo/src/main/scala/linreg.scala
2023.03.03 13:02:29 WARN  no build target for: /home/vamo/src/main/scala/linreg.scala
2023.03.03 13:03:22 WARN  no build target for: /home/vamo/src/main/scala/linreg.scala
2023.03.03 13:03:47 WARN  no build target for: /home/vamo/src/main/scala/linreg.scala
2023.03.03 13:05:34 WARN  no build target for: /home/vamo/src/main/scala/linreg.scala
2023.03.03 13:05:39 WARN  no build target for: /home/vamo/src/main/scala/linreg.scala
2023.03.03 13:06:58 WARN  no build target for: /home/vamo/src/main/scala/linreg.scala
2023.03.03 13:07:28 WARN  no build target for: /home/vamo/src/main/scala/linreg.scala
Mar 03, 2023 1:07:28 PM org.eclipse.lsp4j.jsonrpc.RemoteEndpoint handleCancellation
WARNING: Unmatched cancel notification for request id 955
Mar 03, 2023 1:07:30 PM org.eclipse.lsp4j.jsonrpc.RemoteEndpoint handleCancellation
WARNING: Unmatched cancel notification for request id 969
2023.03.03 13:07:33 WARN  no build target for: /home/vamo/src/main/scala/linreg.scala
2023.03.03 13:08:25 WARN  no build target for: /home/vamo/src/main/scala/linreg.scala
Mar 03, 2023 1:09:08 PM org.eclipse.lsp4j.jsonrpc.RemoteEndpoint handleCancellation
WARNING: Unmatched cancel notification for request id 1054
2023.03.03 13:09:15 WARN  no build target for: /home/vamo/src/main/scala/linreg.scala
2023.03.03 13:09:32 WARN  no build target for: /home/vamo/src/main/scala/linreg.scala
2023.03.03 13:10:28 WARN  no build target for: /home/vamo/src/main/scala/linreg.scala
2023.03.03 13:10:46 WARN  no build target for: /home/vamo/src/main/scala/linreg.scala
2023.03.03 13:10:46 WARN  no build target for: /home/vamo/src/main/scala/linreg.scala
2023.03.03 13:12:31 WARN  no build target for: /home/vamo/src/main/scala/linreg.scala
2023.03.03 13:12:52 WARN  no build target for: /home/vamo/src/main/scala/linreg.scala
2023.03.03 13:13:01 WARN  no build target for: /home/vamo/src/main/scala/linreg.scala
2023.03.03 13:13:04 WARN  no build target for: /home/vamo/src/main/scala/linreg.scala
Mar 03, 2023 1:13:49 PM org.eclipse.lsp4j.jsonrpc.RemoteEndpoint handleCancellation
WARNING: Unmatched cancel notification for request id 1268
2023.03.03 13:13:56 WARN  no build target for: /home/vamo/src/main/scala/linreg.scala
2023.03.03 13:14:12 WARN  no build target for: /home/vamo/src/main/scala/linreg.scala
2023.03.03 13:14:41 WARN  no build target for: /home/vamo/src/main/scala/linreg.scala
2023.03.03 13:14:45 WARN  no build target for: /home/vamo/src/main/scala/linreg.scala
2023.03.03 13:14:58 WARN  no build target for: /home/vamo/src/main/scala/linreg.scala
2023.03.03 13:15:31 WARN  no build target for: /home/vamo/src/main/scala/linreg.scala
2023.03.03 13:15:52 WARN  no build target for: /home/vamo/src/main/scala/linreg.scala
2023.03.03 13:15:58 WARN  no build target for: /home/vamo/src/main/scala/linreg.scala
2023.03.03 13:16:20 WARN  no build target for: /home/vamo/src/main/scala/linreg.scala
2023.03.03 13:16:39 WARN  no build target for: /home/vamo/src/main/scala/linreg.scala
2023.03.03 13:16:43 WARN  no build target for: /home/vamo/src/main/scala/linreg.scala
Mar 03, 2023 1:16:43 PM org.eclipse.lsp4j.jsonrpc.RemoteEndpoint handleCancellation
WARNING: Unmatched cancel notification for request id 1499
2023.03.03 13:16:43 WARN  no build target for: /home/vamo/src/main/scala/linreg.scala
Mar 03, 2023 1:16:43 PM org.eclipse.lsp4j.jsonrpc.RemoteEndpoint handleCancellation
WARNING: Unmatched cancel notification for request id 1500
Mar 03, 2023 1:16:43 PM org.eclipse.lsp4j.jsonrpc.RemoteEndpoint handleCancellation
WARNING: Unmatched cancel notification for request id 1501
Mar 03, 2023 1:16:43 PM org.eclipse.lsp4j.jsonrpc.RemoteEndpoint handleCancellation
WARNING: Unmatched cancel notification for request id 1502
Mar 03, 2023 1:16:43 PM org.eclipse.lsp4j.jsonrpc.RemoteEndpoint handleCancellation
WARNING: Unmatched cancel notification for request id 1503
Mar 03, 2023 1:21:09 PM org.eclipse.lsp4j.jsonrpc.RemoteEndpoint handleCancellation
WARNING: Unmatched cancel notification for request id 1524
2023.03.03 13:21:11 WARN  no build target for: /home/vamo/src/main/scala/linreg.scala
2023.03.03 13:23:54 WARN  no build target for: /home/vamo/src/main/scala/linreg.scala
Mar 03, 2023 1:24:29 PM org.eclipse.lsp4j.jsonrpc.RemoteEndpoint handleCancellation
WARNING: Unmatched cancel notification for request id 1543
2023.03.03 13:24:39 WARN  no build target for: /home/vamo/src/main/scala/linreg.scala
Mar 03, 2023 1:24:58 PM org.eclipse.lsp4j.jsonrpc.RemoteEndpoint handleCancellation
WARNING: Unmatched cancel notification for request id 1583
Exception in thread "pool-3-thread-1" java.lang.InterruptedException
	at scala.meta.internal.metals.FutureCancelToken.checkCanceled(FutureCancelToken.scala:29)
	at scala.meta.internal.pc.CompilerAccess.onCompilerJobQueue$$anonfun$1(CompilerAccess.scala:195)
	at scala.meta.internal.pc.CompilerJobQueue$Job.run(CompilerJobQueue.scala:152)
	at java.base/java.util.concurrent.ThreadPoolExecutor.runWorker(ThreadPoolExecutor.java:1136)
	at java.base/java.util.concurrent.ThreadPoolExecutor$Worker.run(ThreadPoolExecutor.java:635)
	at java.base/java.lang.Thread.run(Thread.java:833)
2023.03.03 13:24:59 WARN  no build target for: /home/vamo/src/main/scala/linreg.scala
2023.03.03 13:25:27 WARN  no build target for: /home/vamo/src/main/scala/linreg.scala
2023.03.03 13:25:55 WARN  no build target for: /home/vamo/src/main/scala/linreg.scala
2023.03.03 13:26:37 WARN  no build target for: /home/vamo/src/main/scala/linreg.scala
2023.03.03 13:27:53 WARN  no build target for: /home/vamo/src/main/scala/linreg.scala
2023.03.03 13:28:17 WARN  no build target for: /home/vamo/src/main/scala/linreg.scala
2023.03.03 13:28:35 WARN  no build target for: /home/vamo/src/main/scala/linreg.scala
2023.03.03 13:28:59 WARN  no build target for: /home/vamo/src/main/scala/linreg.scala
Exception in thread "pool-3-thread-2" java.lang.InterruptedException
	at scala.meta.internal.metals.FutureCancelToken.checkCanceled(FutureCancelToken.scala:29)
	at scala.meta.internal.pc.CompilerAccess.onCompilerJobQueue$$anonfun$1(CompilerAccess.scala:195)
	at scala.meta.internal.pc.CompilerJobQueue$Job.run(CompilerJobQueue.scala:152)
	at java.base/java.util.concurrent.ThreadPoolExecutor.runWorker(ThreadPoolExecutor.java:1136)
	at java.base/java.util.concurrent.ThreadPoolExecutor$Worker.run(ThreadPoolExecutor.java:635)
	at java.base/java.lang.Thread.run(Thread.java:833)
2023.03.03 13:28:59 WARN  no build target for: /home/vamo/src/main/scala/linreg.scala
Exception in thread "pool-3-thread-3" java.lang.InterruptedException
	at scala.meta.internal.metals.FutureCancelToken.checkCanceled(FutureCancelToken.scala:29)
	at scala.meta.internal.pc.CompilerAccess.onCompilerJobQueue$$anonfun$1(CompilerAccess.scala:195)
	at scala.meta.internal.pc.CompilerJobQueue$Job.run(CompilerJobQueue.scala:152)
	at java.base/java.util.concurrent.ThreadPoolExecutor.runWorker(ThreadPoolExecutor.java:1136)
	at java.base/java.util.concurrent.ThreadPoolExecutor$Worker.run(ThreadPoolExecutor.java:635)
	at java.base/java.lang.Thread.run(Thread.java:833)
2023.03.03 13:30:23 WARN  no build target for: /home/vamo/src/main/scala/linreg.scala
2023.03.03 13:33:54 WARN  no build target for: /home/vamo/src/main/scala/linreg.scala
2023.03.03 13:43:21 WARN  no build target for: /home/vamo/src/main/scala/linreg.scala
Exception in thread "pool-3-thread-4" java.lang.InterruptedException
	at scala.meta.internal.metals.FutureCancelToken.checkCanceled(FutureCancelToken.scala:29)
	at scala.meta.internal.pc.CompilerAccess.onCompilerJobQueue$$anonfun$1(CompilerAccess.scala:195)
	at scala.meta.internal.pc.CompilerJobQueue$Job.run(CompilerJobQueue.scala:152)
	at java.base/java.util.concurrent.ThreadPoolExecutor.runWorker(ThreadPoolExecutor.java:1136)
	at java.base/java.util.concurrent.ThreadPoolExecutor$Worker.run(ThreadPoolExecutor.java:635)
	at java.base/java.lang.Thread.run(Thread.java:833)
Exception in thread "pool-3-thread-5" java.lang.InterruptedException
	at scala.meta.internal.metals.FutureCancelToken.checkCanceled(FutureCancelToken.scala:29)
	at scala.meta.internal.pc.CompilerAccess.onCompilerJobQueue$$anonfun$1(CompilerAccess.scala:195)
	at scala.meta.internal.pc.CompilerJobQueue$Job.run(CompilerJobQueue.scala:152)
	at java.base/java.util.concurrent.ThreadPoolExecutor.runWorker(ThreadPoolExecutor.java:1136)
	at java.base/java.util.concurrent.ThreadPoolExecutor$Worker.run(ThreadPoolExecutor.java:635)
	at java.base/java.lang.Thread.run(Thread.java:833)
Mar 03, 2023 1:44:15 PM org.eclipse.lsp4j.jsonrpc.RemoteEndpoint handleCancellation
WARNING: Unmatched cancel notification for request id 1946
Mar 03, 2023 1:44:15 PM org.eclipse.lsp4j.jsonrpc.RemoteEndpoint handleCancellation
WARNING: Unmatched cancel notification for request id 1948
Mar 03, 2023 1:44:15 PM org.eclipse.lsp4j.jsonrpc.RemoteEndpoint handleCancellation
WARNING: Unmatched cancel notification for request id 1949
2023.03.03 13:44:38 WARN  no build target for: /home/vamo/src/main/scala/linreg.scala
2023.03.03 13:44:59 WARN  no build target for: /home/vamo/src/main/scala/linreg.scala
2023.03.03 13:44:59 WARN  no build target for: /home/vamo/src/main/scala/linreg.scala
2023.03.03 13:50:40 WARN  no build target for: /home/vamo/src/main/scala/linreg.scala
2023.03.03 13:50:40 WARN  no build target for: /home/vamo/src/main/scala/linreg.scala
2023.03.03 13:54:18 WARN  no build target for: /home/vamo/src/main/scala/linreg.scala
2023.03.03 13:54:26 WARN  no build target for: /home/vamo/src/main/scala/linreg.scala
2023.03.03 13:55:41 WARN  no build target for: /home/vamo/src/main/scala/linreg.scala
2023.03.03 13:55:41 WARN  no build target for: /home/vamo/src/main/scala/linreg.scala
Mar 03, 2023 1:55:41 PM org.eclipse.lsp4j.jsonrpc.RemoteEndpoint handleCancellation
WARNING: Unmatched cancel notification for request id 2566
Mar 03, 2023 1:55:41 PM org.eclipse.lsp4j.jsonrpc.RemoteEndpoint handleCancellation
WARNING: Unmatched cancel notification for request id 2567
2023.03.03 13:55:51 WARN  no build target for: /home/vamo/src/main/scala/linreg.scala
2023.03.03 13:57:07 WARN  no build target for: /home/vamo/src/main/scala/linreg.scala
Mar 03, 2023 1:57:41 PM scala.meta.internal.pc.CompilerAccess handleError
SEVERE: NoDenotation.owner
java.lang.AssertionError: NoDenotation.owner
	at dotty.tools.dotc.core.SymDenotations$NoDenotation$.owner(SymDenotations.scala:2511)
	at scala.meta.internal.pc.SignatureHelpProvider$.isValid(SignatureHelpProvider.scala:88)
	at scala.meta.internal.pc.SignatureHelpProvider$.notCurrentApply(SignatureHelpProvider.scala:99)
	at scala.meta.internal.pc.SignatureHelpProvider$.$anonfun$1(SignatureHelpProvider.scala:49)
	at scala.collection.StrictOptimizedLinearSeqOps.loop$3(LinearSeq.scala:280)
	at scala.collection.StrictOptimizedLinearSeqOps.dropWhile(LinearSeq.scala:282)
	at scala.collection.StrictOptimizedLinearSeqOps.dropWhile$(LinearSeq.scala:278)
	at scala.collection.immutable.List.dropWhile(List.scala:79)
	at scala.meta.internal.pc.SignatureHelpProvider$.signatureHelp(SignatureHelpProvider.scala:49)

Mar 03, 2023 1:57:42 PM scala.meta.internal.pc.CompilerAccess handleError
SEVERE: NoDenotation.owner
java.lang.AssertionError: NoDenotation.owner
	at dotty.tools.dotc.core.SymDenotations$NoDenotation$.owner(SymDenotations.scala:2511)
	at scala.meta.internal.pc.SignatureHelpProvider$.isValid(SignatureHelpProvider.scala:88)
	at scala.meta.internal.pc.SignatureHelpProvider$.notCurrentApply(SignatureHelpProvider.scala:99)
	at scala.meta.internal.pc.SignatureHelpProvider$.$anonfun$1(SignatureHelpProvider.scala:49)
	at scala.collection.StrictOptimizedLinearSeqOps.loop$3(LinearSeq.scala:280)
	at scala.collection.StrictOptimizedLinearSeqOps.dropWhile(LinearSeq.scala:282)
	at scala.collection.StrictOptimizedLinearSeqOps.dropWhile$(LinearSeq.scala:278)
	at scala.collection.immutable.List.dropWhile(List.scala:79)
	at scala.meta.internal.pc.SignatureHelpProvider$.signatureHelp(SignatureHelpProvider.scala:49)

2023.03.03 13:57:44 WARN  no build target for: /home/vamo/src/main/scala/linreg.scala
2023.03.03 13:59:14 WARN  no build target for: /home/vamo/src/main/scala/linreg.scala
2023.03.03 14:01:10 WARN  no build target for: /home/vamo/src/main/scala/linreg.scala
Mar 03, 2023 2:01:43 PM org.eclipse.lsp4j.jsonrpc.RemoteEndpoint handleCancellation
WARNING: Unmatched cancel notification for request id 2787
Mar 03, 2023 2:01:45 PM org.eclipse.lsp4j.jsonrpc.RemoteEndpoint handleCancellation
WARNING: Unmatched cancel notification for request id 2792
2023.03.03 14:02:03 WARN  no build target for: /home/vamo/src/main/scala/linreg.scala
2023.03.03 14:02:42 WARN  no build target for: /home/vamo/src/main/scala/linreg.scala
2023.03.03 14:05:32 WARN  no build target for: /home/vamo/src/main/scala/linreg.scala
2023.03.03 14:08:33 WARN  no build target for: /home/vamo/src/main/scala/linreg.scala
2023.03.03 14:08:34 WARN  no build target for: /home/vamo/src/main/scala/linreg.scala
2023.03.03 14:09:12 WARN  no build target for: /home/vamo/src/main/scala/linreg.scala
2023.03.03 14:09:30 WARN  no build target for: /home/vamo/src/main/scala/linreg.scala
2023.03.03 14:10:01 WARN  no build target for: /home/vamo/src/main/scala/linreg.scala
2023.03.03 14:10:40 WARN  no build target for: /home/vamo/src/main/scala/linreg.scala
2023.03.03 14:11:29 WARN  no build target for: /home/vamo/src/main/scala/linreg.scala
2023.03.03 14:11:29 WARN  no build target for: /home/vamo/src/main/scala/linreg.scala
Mar 03, 2023 2:11:44 PM org.eclipse.lsp4j.jsonrpc.RemoteEndpoint handleCancellation
WARNING: Unmatched cancel notification for request id 3149
Exception in thread "pool-3-thread-6" java.lang.InterruptedException
	at scala.meta.internal.metals.FutureCancelToken.checkCanceled(FutureCancelToken.scala:29)
	at scala.meta.internal.pc.CompilerAccess.onCompilerJobQueue$$anonfun$1(CompilerAccess.scala:195)
	at scala.meta.internal.pc.CompilerJobQueue$Job.run(CompilerJobQueue.scala:152)
	at java.base/java.util.concurrent.ThreadPoolExecutor.runWorker(ThreadPoolExecutor.java:1136)
	at java.base/java.util.concurrent.ThreadPoolExecutor$Worker.run(ThreadPoolExecutor.java:635)
	at java.base/java.lang.Thread.run(Thread.java:833)
2023.03.03 14:11:48 WARN  no build target for: /home/vamo/src/main/scala/linreg.scala
2023.03.03 14:12:26 WARN  no build target for: /home/vamo/src/main/scala/linreg.scala
2023.03.03 14:12:46 WARN  no build target for: /home/vamo/src/main/scala/linreg.scala
2023.03.03 14:13:14 WARN  no build target for: /home/vamo/src/main/scala/linreg.scala
Mar 03, 2023 2:13:36 PM org.eclipse.lsp4j.jsonrpc.RemoteEndpoint handleCancellation
WARNING: Unmatched cancel notification for request id 3212
2023.03.03 14:13:51 WARN  no build target for: /home/vamo/src/main/scala/linreg.scala
2023.03.03 14:13:58 WARN  no build target for: /home/vamo/src/main/scala/linreg.scala
2023.03.03 14:14:33 WARN  no build target for: /home/vamo/src/main/scala/linreg.scala
2023.03.03 14:15:06 WARN  no build target for: /home/vamo/src/main/scala/linreg.scala
2023.03.03 14:15:36 WARN  no build target for: /home/vamo/src/main/scala/linreg.scala
2023.03.03 14:16:33 WARN  no build target for: /home/vamo/src/main/scala/linreg.scala
2023.03.03 14:16:55 WARN  no build target for: /home/vamo/src/main/scala/linreg.scala
Mar 03, 2023 2:17:26 PM org.eclipse.lsp4j.jsonrpc.RemoteEndpoint handleCancellation
WARNING: Unmatched cancel notification for request id 3453
2023.03.03 14:17:29 WARN  no build target for: /home/vamo/src/main/scala/linreg.scala
2023.03.03 14:17:55 WARN  no build target for: /home/vamo/src/main/scala/linreg.scala
Mar 03, 2023 2:18:36 PM org.eclipse.lsp4j.jsonrpc.RemoteEndpoint handleCancellation
WARNING: Unmatched cancel notification for request id 3513
Mar 03, 2023 2:18:38 PM org.eclipse.lsp4j.jsonrpc.RemoteEndpoint handleCancellation
WARNING: Unmatched cancel notification for request id 3531
Mar 03, 2023 2:18:39 PM org.eclipse.lsp4j.jsonrpc.RemoteEndpoint handleCancellation
WARNING: Unmatched cancel notification for request id 3545
2023.03.03 14:18:47 WARN  no build target for: /home/vamo/src/main/scala/linreg.scala
Exception in thread "pool-3-thread-7" java.lang.InterruptedException
	at scala.meta.internal.metals.FutureCancelToken.checkCanceled(FutureCancelToken.scala:29)
	at scala.meta.internal.pc.CompilerAccess.onCompilerJobQueue$$anonfun$1(CompilerAccess.scala:195)
	at scala.meta.internal.pc.CompilerJobQueue$Job.run(CompilerJobQueue.scala:152)
	at java.base/java.util.concurrent.ThreadPoolExecutor.runWorker(ThreadPoolExecutor.java:1136)
	at java.base/java.util.concurrent.ThreadPoolExecutor$Worker.run(ThreadPoolExecutor.java:635)
	at java.base/java.lang.Thread.run(Thread.java:833)
2023.03.03 14:19:29 WARN  no build target for: /home/vamo/src/main/scala/linreg.scala
2023.03.03 14:20:04 WARN  no build target for: /home/vamo/src/main/scala/linreg.scala
2023.03.03 14:20:18 WARN  no build target for: /home/vamo/src/main/scala/linreg.scala
2023.03.03 14:21:46 WARN  no build target for: /home/vamo/src/main/scala/linreg.scala
Mar 03, 2023 2:22:10 PM org.eclipse.lsp4j.jsonrpc.RemoteEndpoint handleCancellation
WARNING: Unmatched cancel notification for request id 3813
Mar 03, 2023 2:22:46 PM scala.meta.internal.pc.CompilerAccess handleError
SEVERE: 0
java.lang.IndexOutOfBoundsException: 0
	at scala.collection.LinearSeqOps.apply(LinearSeq.scala:131)
	at scala.collection.LinearSeqOps.apply$(LinearSeq.scala:128)
	at scala.collection.immutable.List.apply(List.scala:79)
	at dotty.tools.dotc.util.Signatures$.countParams(Signatures.scala:501)
	at dotty.tools.dotc.util.Signatures$.applyCallInfo(Signatures.scala:186)
	at dotty.tools.dotc.util.Signatures$.computeSignatureHelp(Signatures.scala:94)
	at dotty.tools.dotc.util.Signatures$.signatureHelp(Signatures.scala:63)
	at scala.meta.internal.pc.MetalsSignatures$.signatures(MetalsSignatures.scala:22)
	at scala.meta.internal.pc.SignatureHelpProvider$.signatureHelp(SignatureHelpProvider.scala:56)

2023.03.03 14:22:48 WARN  no build target for: /home/vamo/src/main/scala/linreg.scala
2023.03.03 14:22:50 WARN  no build target for: /home/vamo/src/main/scala/linreg.scala
2023.03.03 14:22:52 WARN  no build target for: /home/vamo/src/main/scala/linreg.scala
2023.03.03 14:23:01 WARN  no build target for: /home/vamo/src/main/scala/linreg.scala
2023.03.03 14:23:23 WARN  no build target for: /home/vamo/src/main/scala/linreg.scala
Mar 03, 2023 2:27:07 PM org.eclipse.lsp4j.jsonrpc.RemoteEndpoint handleCancellation
WARNING: Unmatched cancel notification for request id 4224
2023.03.03 14:27:26 WARN  no build target for: /home/vamo/src/main/scala/linreg.scala
2023.03.03 14:28:13 WARN  no build target for: /home/vamo/src/main/scala/linreg.scala
2023.03.03 14:29:05 WARN  no build target for: /home/vamo/src/main/scala/linreg.scala
2023.03.03 14:29:35 WARN  no build target for: /home/vamo/src/main/scala/linreg.scala
2023.03.03 14:29:48 WARN  no build target for: /home/vamo/src/main/scala/linreg.scala
Mar 03, 2023 2:33:43 PM org.eclipse.lsp4j.jsonrpc.RemoteEndpoint handleCancellation
WARNING: Unmatched cancel notification for request id 4307
2023.03.03 14:34:05 WARN  no build target for: /home/vamo/src/main/scala/linreg.scala
2023.03.03 14:34:25 WARN  no build target for: /home/vamo/src/main/scala/linreg.scala
2023.03.03 14:34:49 WARN  no build target for: /home/vamo/src/main/scala/linreg.scala
2023.03.03 14:35:55 WARN  no build target for: /home/vamo/src/main/scala/linreg.scala
2023.03.03 14:36:51 WARN  no build target for: /home/vamo/src/main/scala/linreg.scala
2023.03.03 14:36:53 WARN  no build target for: /home/vamo/src/main/scala/linreg.scala
2023.03.03 14:37:12 WARN  no build target for: /home/vamo/src/main/scala/linreg.scala
2023.03.03 14:38:26 WARN  no build target for: /home/vamo/src/main/scala/linreg.scala
2023.03.03 14:38:59 WARN  no build target for: /home/vamo/src/main/scala/linreg.scala
Mar 03, 2023 2:38:59 PM org.eclipse.lsp4j.jsonrpc.RemoteEndpoint handleCancellation
WARNING: Unmatched cancel notification for request id 4494
2023.03.03 14:39:03 WARN  no build target for: /home/vamo/src/main/scala/linreg.scala
2023.03.03 14:39:17 WARN  no build target for: /home/vamo/src/main/scala/linreg.scala
2023.03.03 14:39:39 WARN  no build target for: /home/vamo/src/main/scala/linreg.scala
2023.03.03 14:39:52 WARN  no build target for: /home/vamo/src/main/scala/linreg.scala
2023.03.03 14:40:08 WARN  no build target for: /home/vamo/src/main/scala/linreg.scala
2023.03.03 14:44:37 WARN  no build target for: /home/vamo/src/main/scala/linreg.scala
2023.03.03 14:45:11 WARN  no build target for: /home/vamo/src/main/scala/linreg.scala
2023.03.03 14:46:04 WARN  no build target for: /home/vamo/src/main/scala/linreg.scala
2023.03.03 14:49:10 INFO  shutting down Metals
2023.03.03 14:49:10 ERROR Unexpected error initializing serverorg.eclipse.lsp4j.jsonrpc.ResponseErrorException: Request window/showMessageRequest failed with message: Canceled
	at org.eclipse.lsp4j.jsonrpc.RemoteEndpoint.handleResponse(RemoteEndpoint.java:209)
	at org.eclipse.lsp4j.jsonrpc.RemoteEndpoint.consume(RemoteEndpoint.java:193)
	at org.eclipse.lsp4j.jsonrpc.json.StreamMessageProducer.handleMessage(StreamMessageProducer.java:194)
	at org.eclipse.lsp4j.jsonrpc.json.StreamMessageProducer.listen(StreamMessageProducer.java:94)
	at org.eclipse.lsp4j.jsonrpc.json.ConcurrentMessageProcessor.run(ConcurrentMessageProcessor.java:113)
	at java.util.concurrent.Executors$RunnableAdapter.call(Executors.java:539)
	at java.util.concurrent.FutureTask.run(FutureTask.java:264)
	at java.util.concurrent.ThreadPoolExecutor.runWorker(ThreadPoolExecutor.java:1136)
	at java.util.concurrent.ThreadPoolExecutor$Worker.run(ThreadPoolExecutor.java:635)
	at java.lang.Thread.run(Thread.java:833)

